2021-06-17 13:34:32 [restartedMain] INFO  c.d.myCommerce.MyCommerceApplication - Started MyCommerceApplication in 5.548 seconds (JVM running for 6.537)
2021-06-17 13:34:40 [http-nio-8080-exec-7] INFO  c.d.m.controller.UserController - User Viewed Audit Log
2021-06-17 13:34:40 [http-nio-8080-exec-7] INFO  c.d.m.controller.UserController - This is an info message.
2021-06-17 13:34:40 [http-nio-8080-exec-7] WARN  c.d.m.controller.UserController - This is a warn message.
2021-06-17 13:34:40 [http-nio-8080-exec-7] ERROR c.d.m.controller.UserController - This is an error message.
2021-06-17 13:35:33 [restartedMain] INFO  c.d.myCommerce.MyCommerceApplication - Starting MyCommerceApplication on LAPTOP-B42IUFVA with PID 18876 (C:\Users\hp\Downloads\Dithok_Project-Animesh\bin\main started by hp in C:\Users\hp\Downloads\Dithok_Project-Animesh)
2021-06-17 13:35:33 [restartedMain] INFO  c.d.myCommerce.MyCommerceApplication - No active profile set, falling back to default profiles: default
2021-06-17 13:35:38 [restartedMain] INFO  c.d.myCommerce.MyCommerceApplication - Started MyCommerceApplication in 5.654 seconds (JVM running for 6.478)
2021-06-17 13:35:43 [http-nio-8080-exec-5] INFO  c.d.m.controller.UserController - User Viewed Audit Log
2021-06-17 13:35:43 [http-nio-8080-exec-5] INFO  c.d.m.controller.UserController - This is an info message.
2021-06-17 13:35:43 [http-nio-8080-exec-5] WARN  c.d.m.controller.UserController - This is a warn message.
2021-06-17 13:35:43 [http-nio-8080-exec-5] ERROR c.d.m.controller.UserController - This is an error message.
2021-06-17 13:39:29 [http-nio-8080-exec-9] INFO  c.d.m.controller.UserController - User Viewed Audit Log
2021-06-17 13:39:29 [http-nio-8080-exec-9] INFO  c.d.m.controller.UserController - This is an info message.
2021-06-17 13:39:29 [http-nio-8080-exec-9] WARN  c.d.m.controller.UserController - This is a warn message.
2021-06-17 13:39:29 [http-nio-8080-exec-9] ERROR c.d.m.controller.UserController - This is an error message.
2021-06-17 13:40:52 [http-nio-8080-exec-2] INFO  c.d.m.controller.UserController - User Viewed Audit Log
2021-06-17 13:40:52 [http-nio-8080-exec-2] INFO  c.d.m.controller.UserController - This is an info message.
2021-06-17 13:40:52 [http-nio-8080-exec-2] WARN  c.d.m.controller.UserController - This is a warn message.
2021-06-17 13:40:52 [http-nio-8080-exec-2] ERROR c.d.m.controller.UserController - This is an error message.
